<?xml version="1.0" encoding="UTF-8"?>
<testng-results skipped="0" failed="0" ignored="0" total="1" passed="1">
  <reporter-output>
  </reporter-output>
  <suite name="Default suite" duration-ms="25867" started-at="2019-11-07T23:44:21 IST" finished-at="2019-11-07T23:44:47 IST">
    <groups>
    </groups>
    <test name="Default test" duration-ms="25867" started-at="2019-11-07T23:44:21 IST" finished-at="2019-11-07T23:44:47 IST">
      <class name="shoppersStop.ShoppersStopChallenge">
        <test-method status="PASS" signature="cityInShppersStop()[pri:0, instance:shoppersStop.ShoppersStopChallenge@47ef968d]" name="cityInShppersStop" duration-ms="25827" started-at="2019-11-07T23:44:21 IST" finished-at="2019-11-07T23:44:47 IST">
          <reporter-output>
          </reporter-output>
        </test-method> <!-- cityInShppersStop -->
      </class> <!-- shoppersStop.ShoppersStopChallenge -->
    </test> <!-- Default test -->
  </suite> <!-- Default suite -->
</testng-results>
