<?xml version="1.0" encoding="UTF-8"?>
<testng-results skipped="0" failed="0" ignored="0" total="1" passed="1">
  <reporter-output>
  </reporter-output>
  <suite name="Default suite" duration-ms="17055" started-at="2019-11-08T12:31:15 IST" finished-at="2019-11-08T12:31:32 IST">
    <groups>
    </groups>
    <test name="Default test" duration-ms="17055" started-at="2019-11-08T12:31:15 IST" finished-at="2019-11-08T12:31:32 IST">
      <class name="nseindiaChallenge.nseindiaPrintingNames">
        <test-method status="PASS" signature="setup()[pri:0, instance:nseindiaChallenge.nseindiaPrintingNames@1efed156]" name="setup" is-config="true" duration-ms="11575" started-at="2019-11-08T12:31:15 IST" finished-at="2019-11-08T12:31:27 IST">
          <reporter-output>
          </reporter-output>
        </test-method> <!-- setup -->
        <test-method status="PASS" signature="FindingValuet()[pri:0, instance:nseindiaChallenge.nseindiaPrintingNames@1efed156]" name="FindingValuet" duration-ms="2408" started-at="2019-11-08T12:31:27 IST" finished-at="2019-11-08T12:31:29 IST">
          <reporter-output>
          </reporter-output>
        </test-method> <!-- FindingValuet -->
        <test-method status="PASS" signature="tearDown()[pri:0, instance:nseindiaChallenge.nseindiaPrintingNames@1efed156]" name="tearDown" is-config="true" duration-ms="3031" started-at="2019-11-08T12:31:29 IST" finished-at="2019-11-08T12:31:32 IST">
          <reporter-output>
          </reporter-output>
        </test-method> <!-- tearDown -->
      </class> <!-- nseindiaChallenge.nseindiaPrintingNames -->
    </test> <!-- Default test -->
  </suite> <!-- Default suite -->
</testng-results>
